[08/Apr/2017:12:06:11 +0700] 0:0:0:0:0:0:0:1 "GET / HTTP/1.1" 404 (- ms)
[08/Apr/2017:12:06:12 +0700] 0:0:0:0:0:0:0:1 "GET /favicon.ico HTTP/1.1" 200 (- ms)
[08/Apr/2017:12:06:21 +0700] 0:0:0:0:0:0:0:1 "GET /helth HTTP/1.1" 404 (- ms)
[08/Apr/2017:12:06:40 +0700] 0:0:0:0:0:0:0:1 "GET /health HTTP/1.1" 200 (- ms)
[08/Apr/2017:12:14:06 +0700] 0:0:0:0:0:0:0:1 "GET /greeting/hello HTTP/1.1" 404 (- ms)
[08/Apr/2017:12:21:46 +0700] 0:0:0:0:0:0:0:1 "GET /greeting HTTP/1.1" 200 (- ms)
[08/Apr/2017:12:23:09 +0700] 0:0:0:0:0:0:0:1 "GET /greetingcontroller/greetingmethod HTTP/1.1" 404 (- ms)
[08/Apr/2017:12:23:16 +0700] 0:0:0:0:0:0:0:1 "GET /greetingcontrollergreetingmethod HTTP/1.1" 404 (- ms)
[08/Apr/2017:12:25:48 +0700] 0:0:0:0:0:0:0:1 "GET /greetingcontroller/greetingmethod HTTP/1.1" 200 (- ms)
[08/Apr/2017:12:25:54 +0700] 0:0:0:0:0:0:0:1 "GET /greetingcontroller/greetingmethod HTTP/1.1" 200 (- ms)
[08/Apr/2017:12:25:54 +0700] 0:0:0:0:0:0:0:1 "GET /favicon.ico HTTP/1.1" 200 (- ms)
[08/Apr/2017:12:25:56 +0700] 0:0:0:0:0:0:0:1 "GET /greetingcontroller/greetingmethod HTTP/1.1" 200 (- ms)
[08/Apr/2017:12:25:56 +0700] 0:0:0:0:0:0:0:1 "GET /favicon.ico HTTP/1.1" 200 (- ms)
[08/Apr/2017:12:26:06 +0700] 0:0:0:0:0:0:0:1 "GET /greetingcontroller/greetingmethod?name=ball HTTP/1.1" 200 (- ms)
[08/Apr/2017:13:45:03 +0700] 0:0:0:0:0:0:0:1 "GET /greeting HTTP/1.1" 200 (- ms)
[08/Apr/2017:13:45:19 +0700] 0:0:0:0:0:0:0:1 "GET /put HTTP/1.1" 500 (- ms)
[08/Apr/2017:13:58:13 +0700] 0:0:0:0:0:0:0:1 "GET /put HTTP/1.1" 500 (- ms)
[08/Apr/2017:13:59:04 +0700] 0:0:0:0:0:0:0:1 "GET /put HTTP/1.1" 500 (- ms)
[08/Apr/2017:14:03:37 +0700] 0:0:0:0:0:0:0:1 "GET /put HTTP/1.1" 500 (- ms)
[08/Apr/2017:14:11:26 +0700] 0:0:0:0:0:0:0:1 "GET /put HTTP/1.1" 500 (- ms)
[08/Apr/2017:14:15:47 +0700] 0:0:0:0:0:0:0:1 "GET /put HTTP/1.1" 500 (- ms)
[08/Apr/2017:14:22:08 +0700] 0:0:0:0:0:0:0:1 "GET /put HTTP/1.1" 500 (- ms)
[08/Apr/2017:14:55:32 +0700] 0:0:0:0:0:0:0:1 "GET /put HTTP/1.1" 500 (- ms)
[08/Apr/2017:14:59:26 +0700] 0:0:0:0:0:0:0:1 "GET /put HTTP/1.1" 500 (- ms)
[08/Apr/2017:15:00:51 +0700] 0:0:0:0:0:0:0:1 "GET /put HTTP/1.1" 500 (- ms)
[08/Apr/2017:15:03:30 +0700] 0:0:0:0:0:0:0:1 "GET /put HTTP/1.1" 500 (- ms)
[08/Apr/2017:22:16:57 +0700] 0:0:0:0:0:0:0:1 "GET /greeting HTTP/1.1" 200 (- ms)
[08/Apr/2017:22:17:01 +0700] 0:0:0:0:0:0:0:1 "GET /put HTTP/1.1" 500 (- ms)
[08/Apr/2017:22:29:26 +0700] 0:0:0:0:0:0:0:1 "GET /greeting HTTP/1.1" 200 (- ms)
[08/Apr/2017:22:29:31 +0700] 0:0:0:0:0:0:0:1 "GET /put HTTP/1.1" 200 (- ms)
[08/Apr/2017:22:31:31 +0700] 0:0:0:0:0:0:0:1 "GET /put HTTP/1.1" 200 (- ms)
[08/Apr/2017:22:47:07 +0700] 0:0:0:0:0:0:0:1 "GET /translate?txt=%E0%B8%AA%E0%B8%A7%E0%B8%B1%E0%B8%AA%E0%B8%94%E0%B8%B5 HTTP/1.1" 500 (- ms)
[08/Apr/2017:22:59:06 +0700] 0:0:0:0:0:0:0:1 "GET /translate?txt=%E0%B8%AA%E0%B8%A7%E0%B8%B1%E0%B8%AA%E0%B8%94%E0%B8%B5 HTTP/1.1" 500 (- ms)
[08/Apr/2017:23:01:03 +0700] 0:0:0:0:0:0:0:1 "GET /translate?txt=%E0%B8%AA%E0%B8%A7%E0%B8%B1%E0%B8%AA%E0%B8%94%E0%B8%B5 HTTP/1.1" 500 (- ms)
[08/Apr/2017:23:05:46 +0700] 0:0:0:0:0:0:0:1 "GET /translate?txt=%E0%B8%AA%E0%B8%A7%E0%B8%B1%E0%B8%AA%E0%B8%94%E0%B8%B5 HTTP/1.1" 500 (- ms)
[08/Apr/2017:23:10:30 +0700] 0:0:0:0:0:0:0:1 "GET /translate?txt=%E0%B8%AA%E0%B8%A7%E0%B8%B1%E0%B8%AA%E0%B8%94%E0%B8%B5 HTTP/1.1" 500 (- ms)
[08/Apr/2017:23:17:47 +0700] 0:0:0:0:0:0:0:1 "GET /translate?txt=%E0%B8%AA%E0%B8%A7%E0%B8%B1%E0%B8%AA%E0%B8%94%E0%B8%B5 HTTP/1.1" 200 (- ms)
[08/Apr/2017:23:18:20 +0700] 0:0:0:0:0:0:0:1 "GET /translate?txt=%E0%B8%A7%E0%B8%B1%E0%B8%99%E0%B8%99%E0%B8%B5%E0%B9%89%E0%B8%89%E0%B8%B1%E0%B8%99%E0%B8%9E%E0%B8%B2%E0%B9%81%E0%B8%A1%E0%B8%A7%E0%B9%84%E0%B8%9B%E0%B9%80%E0%B8%97%E0%B8%B5%E0%B9%88%E0%B8%A2%E0%B8%A7%E0%B8%99%E0%B8%AD%E0%B8%81%E0%B8%9A%E0%B9%89%E0%B8%B2%E0%B8%99%E0%B8%81%E0%B8%B1%E0%B8%9A%E0%B9%81%E0%B8%9F%E0%B8%99 HTTP/1.1" 200 (- ms)
[08/Apr/2017:23:22:17 +0700] 0:0:0:0:0:0:0:1 "GET /put HTTP/1.1" 200 (- ms)
