[09/Apr/2017:00:55:38 +0700] 0:0:0:0:0:0:0:1 "GET /upsert/test HTTP/1.1" 200 (- ms)
[09/Apr/2017:00:57:03 +0700] 0:0:0:0:0:0:0:1 "GET /upsert/test HTTP/1.1" 200 (- ms)
[09/Apr/2017:11:11:50 +0700] 0:0:0:0:0:0:0:1 "GET /save?name=md2016&description=example HTTP/1.1" 200 (- ms)
[09/Apr/2017:11:12:04 +0700] 0:0:0:0:0:0:0:1 "GET /get/5707702298738688 HTTP/1.1" 200 (- ms)
[09/Apr/2017:11:13:50 +0700] 0:0:0:0:0:0:0:1 "GET /update/5707702298738688 HTTP/1.1" 200 (- ms)
[09/Apr/2017:11:15:30 +0700] 0:0:0:0:0:0:0:1 "GET /delete/5707702298738688 HTTP/1.1" 200 (- ms)
[09/Apr/2017:11:17:29 +0700] 0:0:0:0:0:0:0:1 "GET /delete/5707702298738688 HTTP/1.1" 200 (- ms)
[09/Apr/2017:11:20:41 +0700] 0:0:0:0:0:0:0:1 "GET /save?name=md2016&description=example HTTP/1.1" 404 (- ms)
[09/Apr/2017:11:20:50 +0700] 0:0:0:0:0:0:0:1 "GET /product/save?name=md2016&description=example HTTP/1.1" 200 (- ms)
[09/Apr/2017:12:34:13 +0700] 0:0:0:0:0:0:0:1 "GET /product/save?name=md2016&description=example&price=100 HTTP/1.1" 200 (- ms)
[09/Apr/2017:12:34:50 +0700] 0:0:0:0:0:0:0:1 "GET /product/save?name=md2016-2&description=example2&price=300 HTTP/1.1" 200 (- ms)
[09/Apr/2017:12:35:10 +0700] 0:0:0:0:0:0:0:1 "GET /product/save?name=md2016-3&description=example3&price=500 HTTP/1.1" 200 (- ms)
[09/Apr/2017:12:35:23 +0700] 0:0:0:0:0:0:0:1 "GET /product/query HTTP/1.1" 500 (- ms)
[09/Apr/2017:12:37:03 +0700] 0:0:0:0:0:0:0:1 "GET /product/query HTTP/1.1" 500 (- ms)
[09/Apr/2017:13:04:38 +0700] 0:0:0:0:0:0:0:1 "GET /product/query HTTP/1.1" 500 (- ms)
[09/Apr/2017:13:05:02 +0700] 0:0:0:0:0:0:0:1 "GET /product/query HTTP/1.1" 200 (- ms)
[09/Apr/2017:13:05:53 +0700] 0:0:0:0:0:0:0:1 "GET /product/update/5071522616049664 HTTP/1.1" 200 (- ms)
[09/Apr/2017:13:06:09 +0700] 0:0:0:0:0:0:0:1 "GET /product/update/5644406560391168 HTTP/1.1" 200 (- ms)
[09/Apr/2017:13:06:13 +0700] 0:0:0:0:0:0:0:1 "GET /product/query HTTP/1.1" 200 (- ms)
[09/Apr/2017:13:08:33 +0700] 0:0:0:0:0:0:0:1 "GET /product/query HTTP/1.1" 200 (- ms)
[09/Apr/2017:13:10:56 +0700] 0:0:0:0:0:0:0:1 "GET /product/query HTTP/1.1" 200 (- ms)
[09/Apr/2017:13:11:28 +0700] 0:0:0:0:0:0:0:1 "GET /product/query HTTP/1.1" 200 (- ms)
[09/Apr/2017:13:13:38 +0700] 0:0:0:0:0:0:0:1 "GET /product/query HTTP/1.1" 200 (- ms)
[09/Apr/2017:13:15:22 +0700] 0:0:0:0:0:0:0:1 "GET /product/save?name=md2016-4&description=example4&price=1000 HTTP/1.1" 200 (- ms)
[09/Apr/2017:13:19:56 +0700] 0:0:0:0:0:0:0:1 "GET /product/update/ag1ifmx4dmktMTY0MDE0chQLEgdwcm9kdWN0GICAgID4lpUKDA HTTP/1.1" 200 (- ms)
[09/Apr/2017:13:21:57 +0700] 0:0:0:0:0:0:0:1 "GET /product/update/ag1ifmx4dmktMTY0MDE0chQLEgdwcm9kdWN0GICAgID4lpUKDA HTTP/1.1" 500 (- ms)
[09/Apr/2017:13:25:28 +0700] 0:0:0:0:0:0:0:1 "GET /product/update/ag1ifmx4dmktMTY0MDE0chQLEgdwcm9kdWN0GICAgICZ0oUKDA HTTP/1.1" 500 (- ms)
[09/Apr/2017:14:56:02 +0700] 0:0:0:0:0:0:0:1 "GET /product/query HTTP/1.1" 200 (- ms)
[09/Apr/2017:14:57:04 +0700] 0:0:0:0:0:0:0:1 "GET /product/query HTTP/1.1" 200 (- ms)
[09/Apr/2017:15:43:23 +0700] 0:0:0:0:0:0:0:1 "GET /base/greeting HTTP/1.1" 200 (- ms)
[09/Apr/2017:15:48:28 +0700] 0:0:0:0:0:0:0:1 "GET /product/query HTTP/1.1" 200 (- ms)
[09/Apr/2017:15:49:00 +0700] 0:0:0:0:0:0:0:1 "GET /product/get/5722646637445120 HTTP/1.1" 200 (- ms)
[09/Apr/2017:15:53:10 +0700] 0:0:0:0:0:0:0:1 "GET /base/greeting HTTP/1.1" 404 (- ms)
[09/Apr/2017:15:53:26 +0700] 0:0:0:0:0:0:0:1 "GET /base/greeting/5722646637445120 HTTP/1.1" 200 (- ms)
[09/Apr/2017:15:53:59 +0700] 0:0:0:0:0:0:0:1 "GET /base/greeting/5722646637445120 HTTP/1.1" 500 (- ms)
[09/Apr/2017:15:54:00 +0700] 0:0:0:0:0:0:0:1 "GET /favicon.ico HTTP/1.1" 200 (- ms)
[09/Apr/2017:15:54:12 +0700] 0:0:0:0:0:0:0:1 "GET /base/greeting/5722646637445120 HTTP/1.1" 200 (- ms)
[09/Apr/2017:15:54:13 +0700] 0:0:0:0:0:0:0:1 "GET /favicon.ico HTTP/1.1" 200 (- ms)
[09/Apr/2017:15:55:06 +0700] 0:0:0:0:0:0:0:1 "GET /base/greeting/5722646637445120 HTTP/1.1" 500 (- ms)
[09/Apr/2017:15:55:07 +0700] 0:0:0:0:0:0:0:1 "GET /favicon.ico HTTP/1.1" 200 (- ms)
[09/Apr/2017:15:57:50 +0700] 0:0:0:0:0:0:0:1 "GET /base/greeting/5722646637445120 HTTP/1.1" 200 (- ms)
[09/Apr/2017:15:57:50 +0700] 0:0:0:0:0:0:0:1 "GET /favicon.ico HTTP/1.1" 200 (- ms)
