[12/Jul/2017:08:45:19 +0700] 0:0:0:0:0:0:0:1 "GET /share/calculate HTTP/1.1" 200 (- ms)
[12/Jul/2017:08:45:19 +0700] 0:0:0:0:0:0:0:1 "GET /js/jquery.min.js HTTP/1.1" 200 (- ms)
[12/Jul/2017:08:45:19 +0700] 0:0:0:0:0:0:0:1 "GET /js/semantic.min.js HTTP/1.1" 200 (- ms)
[12/Jul/2017:08:45:19 +0700] 0:0:0:0:0:0:0:1 "GET /css/semantic.css HTTP/1.1" 200 (- ms)
[12/Jul/2017:08:45:20 +0700] 0:0:0:0:0:0:0:1 "GET /favicon.ico HTTP/1.1" 200 (- ms)
[12/Jul/2017:08:46:10 +0700] 0:0:0:0:0:0:0:1 "GET /share/calculate HTTP/1.1" 200 (- ms)
[12/Jul/2017:08:46:10 +0700] 0:0:0:0:0:0:0:1 "GET /js/jquery.min.js HTTP/1.1" 200 (- ms)
[12/Jul/2017:08:46:10 +0700] 0:0:0:0:0:0:0:1 "GET /js/semantic.min.js HTTP/1.1" 200 (- ms)
[12/Jul/2017:08:46:10 +0700] 0:0:0:0:0:0:0:1 "GET /css/semantic.css HTTP/1.1" 200 (- ms)
[12/Jul/2017:08:47:14 +0700] 0:0:0:0:0:0:0:1 "GET /share/calculate HTTP/1.1" 200 (- ms)
[12/Jul/2017:08:47:14 +0700] 0:0:0:0:0:0:0:1 "GET /js/jquery.min.js HTTP/1.1" 200 (- ms)
[12/Jul/2017:08:47:15 +0700] 0:0:0:0:0:0:0:1 "GET /js/semantic.min.js HTTP/1.1" 200 (- ms)
[12/Jul/2017:08:47:15 +0700] 0:0:0:0:0:0:0:1 "GET /css/semantic.css HTTP/1.1" 200 (- ms)
[12/Jul/2017:22:14:34 +0700] 0:0:0:0:0:0:0:1 "GET /share/calculate HTTP/1.1" 200 (- ms)
[12/Jul/2017:22:14:34 +0700] 0:0:0:0:0:0:0:1 "GET /js/jquery.min.js HTTP/1.1" 200 (- ms)
[12/Jul/2017:22:14:34 +0700] 0:0:0:0:0:0:0:1 "GET /js/semantic.min.js HTTP/1.1" 200 (- ms)
[12/Jul/2017:22:14:34 +0700] 0:0:0:0:0:0:0:1 "GET /css/semantic.css HTTP/1.1" 200 (- ms)
[12/Jul/2017:22:15:20 +0700] 0:0:0:0:0:0:0:1 "GET /share/calculate HTTP/1.1" 200 (- ms)
[12/Jul/2017:22:15:20 +0700] 0:0:0:0:0:0:0:1 "GET /js/jquery.min.js HTTP/1.1" 200 (- ms)
[12/Jul/2017:22:15:20 +0700] 0:0:0:0:0:0:0:1 "GET /js/semantic.min.js HTTP/1.1" 200 (- ms)
[12/Jul/2017:22:15:20 +0700] 0:0:0:0:0:0:0:1 "GET /css/semantic.css HTTP/1.1" 200 (- ms)
