[10/Aug/2017:09:03:27 +0700] 0:0:0:0:0:0:0:1 "GET /share/calculate HTTP/1.1" 200 (- ms)
[10/Aug/2017:09:03:27 +0700] 0:0:0:0:0:0:0:1 "GET /js/jquery.min.js HTTP/1.1" 200 (- ms)
[10/Aug/2017:09:03:27 +0700] 0:0:0:0:0:0:0:1 "GET /js/semantic.min.js HTTP/1.1" 200 (- ms)
[10/Aug/2017:09:03:27 +0700] 0:0:0:0:0:0:0:1 "GET /css/semantic.css HTTP/1.1" 200 (- ms)
[10/Aug/2017:09:03:28 +0700] 0:0:0:0:0:0:0:1 "GET /favicon.ico HTTP/1.1" 200 (- ms)
[10/Aug/2017:09:03:35 +0700] 0:0:0:0:0:0:0:1 "GET /js/jquery.min.js HTTP/1.1" 200 (- ms)
[10/Aug/2017:09:03:35 +0700] 0:0:0:0:0:0:0:1 "GET /js/semantic.min.js HTTP/1.1" 200 (- ms)
[10/Aug/2017:09:03:35 +0700] 0:0:0:0:0:0:0:1 "GET /css/semantic.css HTTP/1.1" 200 (- ms)
[10/Aug/2017:09:05:39 +0700] 0:0:0:0:0:0:0:1 "GET /share/calculate HTTP/1.1" 200 (- ms)
[10/Aug/2017:09:05:39 +0700] 0:0:0:0:0:0:0:1 "GET /js/jquery.min.js HTTP/1.1" 200 (- ms)
[10/Aug/2017:09:05:39 +0700] 0:0:0:0:0:0:0:1 "GET /js/semantic.min.js HTTP/1.1" 200 (- ms)
[10/Aug/2017:09:05:39 +0700] 0:0:0:0:0:0:0:1 "GET /css/semantic.css HTTP/1.1" 200 (- ms)
[10/Aug/2017:09:06:32 +0700] 0:0:0:0:0:0:0:1 "GET /share/calculate HTTP/1.1" 200 (- ms)
[10/Aug/2017:09:06:32 +0700] 0:0:0:0:0:0:0:1 "GET /js/jquery.min.js HTTP/1.1" 200 (- ms)
[10/Aug/2017:09:06:32 +0700] 0:0:0:0:0:0:0:1 "GET /js/semantic.min.js HTTP/1.1" 200 (- ms)
[10/Aug/2017:09:06:32 +0700] 0:0:0:0:0:0:0:1 "GET /css/semantic.css HTTP/1.1" 200 (- ms)
[10/Aug/2017:20:20:25 +0700] 0:0:0:0:0:0:0:1 "GET /share/calculate HTTP/1.1" 200 (- ms)
[10/Aug/2017:20:20:25 +0700] 0:0:0:0:0:0:0:1 "GET /js/jquery.min.js HTTP/1.1" 200 (- ms)
[10/Aug/2017:20:20:25 +0700] 0:0:0:0:0:0:0:1 "GET /js/semantic.min.js HTTP/1.1" 200 (- ms)
[10/Aug/2017:20:20:25 +0700] 0:0:0:0:0:0:0:1 "GET /css/semantic.css HTTP/1.1" 200 (- ms)
