[26/Jul/2017:23:33:19 +0700] 0:0:0:0:0:0:0:1 "GET /base/test HTTP/1.1" 200 (- ms)
[26/Jul/2017:23:33:19 +0700] 0:0:0:0:0:0:0:1 "GET /js/jquery.min.js HTTP/1.1" 200 (- ms)
[26/Jul/2017:23:33:19 +0700] 0:0:0:0:0:0:0:1 "GET /js/semantic.min.js HTTP/1.1" 200 (- ms)
[26/Jul/2017:23:33:19 +0700] 0:0:0:0:0:0:0:1 "GET /css/semantic.css HTTP/1.1" 200 (- ms)
[26/Jul/2017:23:36:46 +0700] 0:0:0:0:0:0:0:1 "GET /base/test HTTP/1.1" 200 (- ms)
[26/Jul/2017:23:36:46 +0700] 0:0:0:0:0:0:0:1 "GET /js/jquery.min.js HTTP/1.1" 200 (- ms)
[26/Jul/2017:23:36:46 +0700] 0:0:0:0:0:0:0:1 "GET /js/semantic.min.js HTTP/1.1" 200 (- ms)
[26/Jul/2017:23:36:46 +0700] 0:0:0:0:0:0:0:1 "GET /css/semantic.css HTTP/1.1" 200 (- ms)
[26/Jul/2017:23:36:46 +0700] 0:0:0:0:0:0:0:1 "GET /favicon.ico HTTP/1.1" 200 (- ms)
[26/Jul/2017:23:37:06 +0700] 0:0:0:0:0:0:0:1 "GET /base/test HTTP/1.1" 200 (- ms)
[26/Jul/2017:23:37:06 +0700] 0:0:0:0:0:0:0:1 "GET /js/jquery.min.js HTTP/1.1" 200 (- ms)
[26/Jul/2017:23:37:06 +0700] 0:0:0:0:0:0:0:1 "GET /js/semantic.min.js HTTP/1.1" 200 (- ms)
[26/Jul/2017:23:37:06 +0700] 0:0:0:0:0:0:0:1 "GET /css/semantic.css HTTP/1.1" 200 (- ms)
[26/Jul/2017:23:37:06 +0700] 0:0:0:0:0:0:0:1 "GET /favicon.ico HTTP/1.1" 200 (- ms)
[26/Jul/2017:23:37:11 +0700] 0:0:0:0:0:0:0:1 "GET /css/semantic.css HTTP/1.1" 200 (- ms)
[26/Jul/2017:23:42:14 +0700] 0:0:0:0:0:0:0:1 "GET /base/test HTTP/1.1" 200 (- ms)
[26/Jul/2017:23:42:14 +0700] 0:0:0:0:0:0:0:1 "GET /js/jquery.min.js HTTP/1.1" 200 (- ms)
[26/Jul/2017:23:42:14 +0700] 0:0:0:0:0:0:0:1 "GET /js/semantic.min.js HTTP/1.1" 200 (- ms)
[26/Jul/2017:23:42:14 +0700] 0:0:0:0:0:0:0:1 "GET /css/semantic.css HTTP/1.1" 200 (- ms)
[26/Jul/2017:23:42:42 +0700] 0:0:0:0:0:0:0:1 "GET /base/test HTTP/1.1" 200 (- ms)
[26/Jul/2017:23:42:42 +0700] 0:0:0:0:0:0:0:1 "GET /js/jquery.min.js HTTP/1.1" 200 (- ms)
[26/Jul/2017:23:42:42 +0700] 0:0:0:0:0:0:0:1 "GET /js/semantic.min.js HTTP/1.1" 200 (- ms)
[26/Jul/2017:23:42:42 +0700] 0:0:0:0:0:0:0:1 "GET /css/semantic.css HTTP/1.1" 200 (- ms)
[26/Jul/2017:23:45:06 +0700] 0:0:0:0:0:0:0:1 "GET /base/test HTTP/1.1" 200 (- ms)
[26/Jul/2017:23:45:06 +0700] 0:0:0:0:0:0:0:1 "GET /js/jquery.min.js HTTP/1.1" 200 (- ms)
[26/Jul/2017:23:45:06 +0700] 0:0:0:0:0:0:0:1 "GET /js/semantic.min.js HTTP/1.1" 200 (- ms)
[26/Jul/2017:23:45:06 +0700] 0:0:0:0:0:0:0:1 "GET /css/semantic.css HTTP/1.1" 200 (- ms)
[26/Jul/2017:23:45:17 +0700] 0:0:0:0:0:0:0:1 "GET /base/test HTTP/1.1" 200 (- ms)
[26/Jul/2017:23:45:17 +0700] 0:0:0:0:0:0:0:1 "GET /js/jquery.min.js HTTP/1.1" 200 (- ms)
[26/Jul/2017:23:45:17 +0700] 0:0:0:0:0:0:0:1 "GET /js/semantic.min.js HTTP/1.1" 200 (- ms)
[26/Jul/2017:23:45:17 +0700] 0:0:0:0:0:0:0:1 "GET /css/semantic.css HTTP/1.1" 200 (- ms)
[26/Jul/2017:23:46:25 +0700] 0:0:0:0:0:0:0:1 "GET /base/test HTTP/1.1" 200 (- ms)
[26/Jul/2017:23:46:25 +0700] 0:0:0:0:0:0:0:1 "GET /js/jquery.min.js HTTP/1.1" 200 (- ms)
[26/Jul/2017:23:46:25 +0700] 0:0:0:0:0:0:0:1 "GET /js/semantic.min.js HTTP/1.1" 200 (- ms)
[26/Jul/2017:23:46:25 +0700] 0:0:0:0:0:0:0:1 "GET /css/semantic.css HTTP/1.1" 200 (- ms)
[26/Jul/2017:23:47:32 +0700] 0:0:0:0:0:0:0:1 "GET /base/test HTTP/1.1" 200 (- ms)
[26/Jul/2017:23:47:32 +0700] 0:0:0:0:0:0:0:1 "GET /js/jquery.min.js HTTP/1.1" 200 (- ms)
[26/Jul/2017:23:47:32 +0700] 0:0:0:0:0:0:0:1 "GET /js/semantic.min.js HTTP/1.1" 200 (- ms)
[26/Jul/2017:23:47:32 +0700] 0:0:0:0:0:0:0:1 "GET /css/semantic.css HTTP/1.1" 200 (- ms)
[26/Jul/2017:23:47:54 +0700] 0:0:0:0:0:0:0:1 "GET /base/test HTTP/1.1" 200 (- ms)
[26/Jul/2017:23:47:54 +0700] 0:0:0:0:0:0:0:1 "GET /js/jquery.min.js HTTP/1.1" 200 (- ms)
[26/Jul/2017:23:47:54 +0700] 0:0:0:0:0:0:0:1 "GET /js/semantic.min.js HTTP/1.1" 200 (- ms)
[26/Jul/2017:23:47:54 +0700] 0:0:0:0:0:0:0:1 "GET /css/semantic.css HTTP/1.1" 200 (- ms)
[26/Jul/2017:23:47:56 +0700] 0:0:0:0:0:0:0:1 "GET /base/test HTTP/1.1" 200 (- ms)
[26/Jul/2017:23:47:56 +0700] 0:0:0:0:0:0:0:1 "GET /js/jquery.min.js HTTP/1.1" 200 (- ms)
[26/Jul/2017:23:47:56 +0700] 0:0:0:0:0:0:0:1 "GET /js/semantic.min.js HTTP/1.1" 200 (- ms)
[26/Jul/2017:23:47:56 +0700] 0:0:0:0:0:0:0:1 "GET /css/semantic.css HTTP/1.1" 200 (- ms)
[26/Jul/2017:23:48:09 +0700] 0:0:0:0:0:0:0:1 "GET /base/test HTTP/1.1" 200 (- ms)
[26/Jul/2017:23:48:09 +0700] 0:0:0:0:0:0:0:1 "GET /js/jquery.min.js HTTP/1.1" 200 (- ms)
[26/Jul/2017:23:48:09 +0700] 0:0:0:0:0:0:0:1 "GET /js/semantic.min.js HTTP/1.1" 200 (- ms)
[26/Jul/2017:23:48:09 +0700] 0:0:0:0:0:0:0:1 "GET /css/semantic.css HTTP/1.1" 200 (- ms)
[26/Jul/2017:23:48:47 +0700] 0:0:0:0:0:0:0:1 "GET /base/test HTTP/1.1" 500 (- ms)
[26/Jul/2017:23:48:50 +0700] 0:0:0:0:0:0:0:1 "GET /base/test HTTP/1.1" 500 (- ms)
[26/Jul/2017:23:49:13 +0700] 0:0:0:0:0:0:0:1 "GET /base/test HTTP/1.1" 200 (- ms)
[26/Jul/2017:23:49:13 +0700] 0:0:0:0:0:0:0:1 "GET /js/jquery.min.js HTTP/1.1" 200 (- ms)
[26/Jul/2017:23:49:13 +0700] 0:0:0:0:0:0:0:1 "GET /js/semantic.min.js HTTP/1.1" 200 (- ms)
[26/Jul/2017:23:49:13 +0700] 0:0:0:0:0:0:0:1 "GET /css/semantic.css HTTP/1.1" 200 (- ms)
[26/Jul/2017:23:49:56 +0700] 0:0:0:0:0:0:0:1 "GET /base/test HTTP/1.1" 200 (- ms)
[26/Jul/2017:23:49:56 +0700] 0:0:0:0:0:0:0:1 "GET /js/jquery.min.js HTTP/1.1" 200 (- ms)
[26/Jul/2017:23:49:56 +0700] 0:0:0:0:0:0:0:1 "GET /js/semantic.min.js HTTP/1.1" 200 (- ms)
[26/Jul/2017:23:49:56 +0700] 0:0:0:0:0:0:0:1 "GET /css/semantic.css HTTP/1.1" 200 (- ms)
[26/Jul/2017:23:58:07 +0700] 0:0:0:0:0:0:0:1 "GET /base/test HTTP/1.1" 200 (- ms)
[26/Jul/2017:23:58:07 +0700] 0:0:0:0:0:0:0:1 "GET /js/jquery.min.js HTTP/1.1" 200 (- ms)
[26/Jul/2017:23:58:07 +0700] 0:0:0:0:0:0:0:1 "GET /js/semantic.min.js HTTP/1.1" 200 (- ms)
[26/Jul/2017:23:58:07 +0700] 0:0:0:0:0:0:0:1 "GET /css/semantic.css HTTP/1.1" 200 (- ms)
[26/Jul/2017:23:58:25 +0700] 0:0:0:0:0:0:0:1 "GET /base/test HTTP/1.1" 200 (- ms)
[26/Jul/2017:23:58:25 +0700] 0:0:0:0:0:0:0:1 "GET /js/jquery.min.js HTTP/1.1" 200 (- ms)
[26/Jul/2017:23:58:25 +0700] 0:0:0:0:0:0:0:1 "GET /js/semantic.min.js HTTP/1.1" 200 (- ms)
[26/Jul/2017:23:58:25 +0700] 0:0:0:0:0:0:0:1 "GET /css/semantic.css HTTP/1.1" 200 (- ms)
[26/Jul/2017:23:58:44 +0700] 0:0:0:0:0:0:0:1 "GET /base/test HTTP/1.1" 200 (- ms)
[26/Jul/2017:23:58:44 +0700] 0:0:0:0:0:0:0:1 "GET /js/jquery.min.js HTTP/1.1" 200 (- ms)
[26/Jul/2017:23:58:44 +0700] 0:0:0:0:0:0:0:1 "GET /js/semantic.min.js HTTP/1.1" 200 (- ms)
[26/Jul/2017:23:58:44 +0700] 0:0:0:0:0:0:0:1 "GET /css/semantic.css HTTP/1.1" 200 (- ms)
